0 info it worked if it ends with ok
1 verbose cli [ '/usr/local/Cellar/node/5.9.0/bin/node',
1 verbose cli   '/usr/local/bin/npm',
1 verbose cli   'install',
1 verbose cli   '-g',
1 verbose cli   'babel' ]
2 info using npm@4.1.2
3 info using node@v7.6.0
4 silly loadCurrentTree Starting
5 silly install loadCurrentTree
6 silly install readGlobalPackageData
7 silly fetchPackageMetaData babel
8 silly fetchNamedPackageData babel
9 silly mapToRegistry name babel
10 silly mapToRegistry using default registry
11 silly mapToRegistry registry https://registry.npm.taobao.org/
12 silly mapToRegistry data Result {
12 silly mapToRegistry   raw: 'babel',
12 silly mapToRegistry   scope: null,
12 silly mapToRegistry   escapedName: 'babel',
12 silly mapToRegistry   name: 'babel',
12 silly mapToRegistry   rawSpec: '',
12 silly mapToRegistry   spec: 'latest',
12 silly mapToRegistry   type: 'tag' }
13 silly mapToRegistry uri https://registry.npm.taobao.org/babel
14 verbose request uri https://registry.npm.taobao.org/babel
15 verbose request no auth needed
16 info attempt registry request try #1 at 23:58:55
17 verbose request id a671d8fae67dd1a1
18 verbose etag "4b78c-qwWuXpC+Odtjb0KQqCiDYVUXssc"
19 http request GET https://registry.npm.taobao.org/babel
20 http 304 https://registry.npm.taobao.org/babel
21 verbose headers { date: 'Mon, 03 Apr 2017 15:58:45 GMT',
21 verbose headers   connection: 'keep-alive',
21 verbose headers   'x-current-requests': '1',
21 verbose headers   etag: '"4b78c-qwWuXpC+Odtjb0KQqCiDYVUXssc"',
21 verbose headers   'x-readtime': '64' }
22 silly get cb [ 304,
22 silly get   { date: 'Mon, 03 Apr 2017 15:58:45 GMT',
22 silly get     connection: 'keep-alive',
22 silly get     'x-current-requests': '1',
22 silly get     etag: '"4b78c-qwWuXpC+Odtjb0KQqCiDYVUXssc"',
22 silly get     'x-readtime': '64' } ]
23 verbose etag https://registry.npm.taobao.org/babel from cache
24 verbose get saving babel to /Users/jiangsong/.npm/registry.npm.taobao.org/babel/.cache.json
25 verbose correctMkdir /Users/jiangsong/.npm correctMkdir not in flight; initializing
26 silly install normalizeTree
27 silly loadCurrentTree Finishing
28 silly loadIdealTree Starting
29 silly install loadIdealTree
30 silly cloneCurrentTree Starting
31 silly install cloneCurrentTreeToIdealTree
32 silly cloneCurrentTree Finishing
33 silly loadShrinkwrap Starting
34 silly install loadShrinkwrap
35 silly loadShrinkwrap Finishing
36 silly loadAllDepsIntoIdealTree Starting
37 silly install loadAllDepsIntoIdealTree
38 silly resolveWithNewModule babel@6.23.0 checking installable status
39 silly cache add args [ 'babel', null ]
40 verbose cache add spec babel
41 silly cache add parsed spec Result {
41 silly cache add   raw: 'babel',
41 silly cache add   scope: null,
41 silly cache add   escapedName: 'babel',
41 silly cache add   name: 'babel',
41 silly cache add   rawSpec: '',
41 silly cache add   spec: 'latest',
41 silly cache add   type: 'tag' }
42 silly addNamed babel@latest
43 verbose addNamed "latest" is being treated as a dist-tag for babel
44 info addNameTag [ 'babel', 'latest' ]
45 silly mapToRegistry name babel
46 silly mapToRegistry using default registry
47 silly mapToRegistry registry https://registry.npm.taobao.org/
48 silly mapToRegistry data Result {
48 silly mapToRegistry   raw: 'babel',
48 silly mapToRegistry   scope: null,
48 silly mapToRegistry   escapedName: 'babel',
48 silly mapToRegistry   name: 'babel',
48 silly mapToRegistry   rawSpec: '',
48 silly mapToRegistry   spec: 'latest',
48 silly mapToRegistry   type: 'tag' }
49 silly mapToRegistry uri https://registry.npm.taobao.org/babel
50 verbose addNameTag registry:https://registry.npm.taobao.org/babel not in flight; fetching
51 verbose get https://registry.npm.taobao.org/babel not expired, no request
52 silly addNameTag next cb for babel with tag latest
53 silly addNamed babel@6.23.0
54 verbose addNamed "6.23.0" is a plain semver version for babel
55 warn deprecated babel@6.23.0: In 6.x, the babel package has been deprecated in favor of babel-cli. Check https://opencollective.com/babel to support the Babel maintainers
56 silly cache afterAdd babel@6.23.0
57 verbose afterAdd /Users/jiangsong/.npm/babel/6.23.0/package/package.json not in flight; writing
58 verbose correctMkdir /Users/jiangsong/.npm correctMkdir not in flight; initializing
59 verbose afterAdd /Users/jiangsong/.npm/babel/6.23.0/package/package.json written
60 silly loadAllDepsIntoIdealTree Finishing
61 silly loadIdealTree Finishing
62 silly currentTree lib
63 silly idealTree lib
63 silly idealTree └── babel@6.23.0
64 silly generateActionsToTake Starting
65 silly install generateActionsToTake
66 silly generateActionsToTake Finishing
67 silly diffTrees action count 1
68 silly diffTrees add babel@6.23.0
69 silly decomposeActions action count 8
70 silly decomposeActions fetch babel@6.23.0
71 silly decomposeActions extract babel@6.23.0
72 silly decomposeActions test babel@6.23.0
73 silly decomposeActions preinstall babel@6.23.0
74 silly decomposeActions build babel@6.23.0
75 silly decomposeActions install babel@6.23.0
76 silly decomposeActions postinstall babel@6.23.0
77 silly decomposeActions finalize babel@6.23.0
78 silly runTopLevelLifecycles Starting
79 silly executeActions Starting
80 silly install executeActions
81 silly doSerial global-install 0
82 silly doParallel fetch 1
83 verbose correctMkdir /Users/jiangsong/.npm/_locks correctMkdir not in flight; initializing
84 verbose lock using /Users/jiangsong/.npm/_locks/staging-3a08f0df5026584d.lock for /usr/local/lib/node_modules/.staging
85 silly doParallel extract 1
86 silly extract babel@6.23.0
87 verbose unbuild lib/node_modules/.staging/babel-7b87377b
88 silly gentlyRm /usr/local/lib/node_modules/.staging/babel-7b87377b is being purged from base /usr/local
89 verbose gentlyRm don't care about contents; nuking /usr/local/lib/node_modules/.staging/babel-7b87377b
90 verbose tar unpack /Users/jiangsong/.npm/babel/6.23.0/package.tgz
91 verbose tar unpacking to /usr/local/lib/node_modules/.staging/babel-7b87377b
92 silly gentlyRm /usr/local/lib/node_modules/.staging/babel-7b87377b is being purged
93 verbose gentlyRm don't care about contents; nuking /usr/local/lib/node_modules/.staging/babel-7b87377b
94 silly gunzTarPerm modes [ '755', '644' ]
95 silly gunzTarPerm extractEntry package.json
96 silly gunzTarPerm extractEntry .npmignore
97 silly gunzTarPerm extractEntry README.md
98 silly gunzTarPerm extractEntry index.js
99 silly gunzTarPerm extractEntry lib/cli.js
100 silly gentlyRm /usr/local/lib/node_modules/.staging/babel-7b87377b/node_modules is being purged
101 verbose gentlyRm don't care about contents; nuking /usr/local/lib/node_modules/.staging/babel-7b87377b/node_modules
102 silly doParallel preinstall 1
103 silly preinstall babel@6.23.0
104 info lifecycle babel@6.23.0~preinstall: babel@6.23.0
105 silly lifecycle babel@6.23.0~preinstall: no script for preinstall, continuing
106 silly doReverseSerial remove 0
107 silly doSerial move 0
108 silly doSerial finalize 1
109 silly finalize /usr/local/lib/node_modules/babel
110 silly doSerial build 1
111 silly build babel@6.23.0
112 info linkStuff babel@6.23.0
113 silly linkStuff babel@6.23.0 has /usr/local/lib/node_modules as its parent node_modules
114 silly linkStuff babel@6.23.0 is part of a global install
115 silly linkStuff babel@6.23.0 is installed into a global node_modules
116 silly linkStuff babel@6.23.0 is installed into the top-level global node_modules
117 verbose linkBins babel@6.23.0
118 verbose linkBins [ { babel: './lib/cli.js',
118 verbose linkBins     'babel-node': './lib/cli.js',
118 verbose linkBins     'babel-external-helpers': './lib/cli.js' },
118 verbose linkBins   '/usr/local/bin',
118 verbose linkBins   true ]
119 verbose linkMans babel@6.23.0
120 silly gentlyRm /usr/local/bin/babel-external-helpers is being gently removed
121 silly gentlyRm /usr/local/bin/babel-node is being gently removed
122 silly gentlyRm /usr/local/bin/babel is being gently removed
123 silly gentlyRm parent.path = /usr/local
124 silly gentlyRm parent.managed = /usr/local is in /usr/local
125 silly gentlyRm target.path =  /usr/local/bin/babel-node
126 silly gentlyRm target.symlink = ../lib/node_modules/babel/cli.js
127 silly gentlyRm target.managed = false
128 silly gentlyRm target.inParent =  false
129 silly gentlyRm parent.path = /usr/local
130 silly gentlyRm parent.managed = /usr/local is in /usr/local
131 silly gentlyRm target.path =  /usr/local/bin/babel-external-helpers
132 silly gentlyRm target.symlink = ../lib/node_modules/babel/cli.js
133 silly gentlyRm target.managed = false
134 silly gentlyRm target.inParent =  false
135 silly gentlyRm parent.path = /usr/local
136 silly gentlyRm parent.managed = /usr/local is in /usr/local
137 silly gentlyRm target.path =  /usr/local/bin/babel
138 silly gentlyRm target.symlink = ../lib/node_modules/babel/cli.js
139 silly gentlyRm target.managed = false
140 silly gentlyRm target.inParent =  false
141 verbose unlock done using /Users/jiangsong/.npm/_locks/staging-3a08f0df5026584d.lock for /usr/local/lib/node_modules/.staging
142 silly rollbackFailedOptional Starting
143 silly gentlyRm /usr/local/lib/node_modules/babel is being purged from base /usr/local/lib
144 verbose gentlyRm don't care about contents; nuking /usr/local/lib/node_modules/babel
145 silly gentlyRm /usr/local/lib/node_modules/babel is being purged from base /usr/local/lib
146 verbose gentlyRm don't care about contents; nuking /usr/local/lib/node_modules/babel
147 silly gentlyRm /usr/local/lib/node_modules/babel is being purged from base /usr/local/lib
148 verbose gentlyRm don't care about contents; nuking /usr/local/lib/node_modules/babel
149 silly gentlyRm /usr/local/lib/node_modules/babel is being purged from base /usr/local/lib
150 verbose gentlyRm don't care about contents; nuking /usr/local/lib/node_modules/babel
151 silly gentlyRm /usr/local/lib/node_modules/babel is being purged from base /usr/local/lib
152 verbose gentlyRm don't care about contents; nuking /usr/local/lib/node_modules/babel
153 silly gentlyRm /usr/local/lib/node_modules/babel is being purged from base /usr/local/lib
154 verbose gentlyRm don't care about contents; nuking /usr/local/lib/node_modules/babel
155 silly gentlyRm /usr/local/lib/node_modules/babel is being purged from base /usr/local/lib
156 verbose gentlyRm don't care about contents; nuking /usr/local/lib/node_modules/babel
157 silly gentlyRm /usr/local/lib/node_modules/babel is being purged from base /usr/local/lib
158 verbose gentlyRm don't care about contents; nuking /usr/local/lib/node_modules/babel
159 silly vacuum-fs purging /usr/local/lib/node_modules/babel
160 silly vacuum-fs purging /usr/local/lib/node_modules/babel
161 silly vacuum-fs purging /usr/local/lib/node_modules/babel
162 silly vacuum-fs purging /usr/local/lib/node_modules/babel
163 silly vacuum-fs purging /usr/local/lib/node_modules/babel
164 silly vacuum-fs purging /usr/local/lib/node_modules/babel
165 silly vacuum-fs purging /usr/local/lib/node_modules/babel
166 silly vacuum-fs purging /usr/local/lib/node_modules/babel
167 silly vacuum-fs quitting because other entries in /usr/local/lib/node_modules
168 silly vacuum-fs quitting because other entries in /usr/local/lib/node_modules
169 silly vacuum-fs quitting because other entries in /usr/local/lib/node_modules
170 silly vacuum-fs quitting because other entries in /usr/local/lib/node_modules
171 silly vacuum-fs quitting because other entries in /usr/local/lib/node_modules
172 silly vacuum-fs quitting because other entries in /usr/local/lib/node_modules
173 silly vacuum-fs quitting because other entries in /usr/local/lib/node_modules
174 silly vacuum-fs quitting because other entries in /usr/local/lib/node_modules
175 silly rollbackFailedOptional Finishing
176 silly runTopLevelLifecycles Finishing
177 silly install printInstalled
178 verbose stack Error: Refusing to delete /usr/local/bin/babel-node: ../lib/node_modules/babel/cli.js symlink target is not controlled by npm /usr/local
178 verbose stack     at clobberFail (/usr/local/lib/node_modules/npm/lib/utils/gently-rm.js:162:12)
178 verbose stack     at isSafeToRm (/usr/local/lib/node_modules/npm/lib/utils/gently-rm.js:152:15)
178 verbose stack     at /usr/local/lib/node_modules/npm/lib/utils/gently-rm.js:93:5
178 verbose stack     at LOOP (/usr/local/lib/node_modules/npm/node_modules/slide/lib/chain.js:7:26)
178 verbose stack     at /usr/local/lib/node_modules/npm/node_modules/slide/lib/chain.js:18:7
178 verbose stack     at /usr/local/lib/node_modules/npm/lib/utils/gently-rm.js:179:14
178 verbose stack     at /usr/local/lib/node_modules/npm/node_modules/iferr/index.js:11:16
178 verbose stack     at /usr/local/lib/node_modules/npm/node_modules/iferr/index.js:11:16
178 verbose stack     at /usr/local/lib/node_modules/npm/node_modules/iferr/index.js:11:16
178 verbose stack     at /usr/local/lib/node_modules/npm/node_modules/iferr/index.js:11:16
179 verbose cwd /Users/jiangsong/Documents/yunguhui/app2/onedrop/client/public
180 error Darwin 16.4.0
181 error argv "/usr/local/Cellar/node/5.9.0/bin/node" "/usr/local/bin/npm" "install" "-g" "babel"
182 error node v7.6.0
183 error npm  v4.1.2
184 error path /usr/local/bin/babel-node
185 error code EEXIST
186 error Refusing to delete /usr/local/bin/babel-node: ../lib/node_modules/babel/cli.js symlink target is not controlled by npm /usr/local
187 error File exists: /usr/local/bin/babel-node
188 error Move it away, and try again.
189 verbose exit [ 1, true ]
